#-----------------------------------------------------------
# Vivado v2019.1 (64-bit)
# SW Build 2552052 on Fri May 24 14:49:42 MDT 2019
# IP Build 2548770 on Fri May 24 18:01:18 MDT 2019
# Start of session at: Fri Dec  8 14:32:17 2023
# Process ID: 10764
# Current directory: C:/Users/evelynan/iScore/iScore_proj
# Command line: vivado.exe -gui_launcher_event rodinguilauncherevent3340 C:\Users\evelynan\iScore\iScore_proj\iScore_proj.xpr
# Log file: C:/Users/evelynan/iScore/iScore_proj/vivado.log
# Journal file: C:/Users/evelynan/iScore/iScore_proj\vivado.jou
#-----------------------------------------------------------
start_gui
open_project C:/Users/evelynan/iScore/iScore_proj/iScore_proj.xpr
INFO: [Project 1-313] Project file moved from 'C:/Users/evelynan/Desktop/iScore/iScore_proj' since last save.
CRITICAL WARNING: [Project 1-311] Could not find the file 'C:/Users/evelynan/iScore/modules/beat.v', nor could it be found using path 'C:/Users/evelynan/Desktop/iScore/modules/beat.v'.
CRITICAL WARNING: [Project 1-311] Could not find the file 'C:/Users/evelynan/iScore/modules/dffre.v', nor could it be found using path 'C:/Users/evelynan/Desktop/iScore/modules/dffre.v'.
CRITICAL WARNING: [Project 1-311] Could not find the file 'C:/Users/evelynan/iScore/modules/dffr.v', nor could it be found using path 'C:/Users/evelynan/Desktop/iScore/modules/dffr.v'.
Scanning sources...
Finished scanning sources
INFO: [IP_Flow 19-234] Refreshing IP repositories
INFO: [IP_Flow 19-1704] No user IP repositories specified
INFO: [IP_Flow 19-2313] Loaded Vivado IP repository 'C:/Xilinx/Vivado/2019.1/data/ip'.
open_project: Time (s): cpu = 00:00:14 ; elapsed = 00:00:07 . Memory (MB): peak = 654.031 ; gain = 36.160
